{"message":"Unauthorized request to join path /bookmarks","level":"error"}
{"message":"Unauthorized request to join path /bookmarks","level":"error"}
{"message":"Unauthorized request to join path /bookmarks","level":"error"}
{"message":"Unauthorized request to join path /bookmarks","level":"error"}
{"message":"Unauthorized request to join path /bookmarks","level":"error"}
{"message":"TItle is required","level":"error"}
{"message":"TItle is required","level":"error"}
{"message":"Rating is required","level":"error"}
{"message":"Unauthorized request to join path /bookmarks/$%7Bid%7D","level":"error"}
{"message":"Unauthorized request to join path /favicon.ico","level":"error"}
{"message":"Card with id f9ec0b00-d217-4aff-b805-eeb277e7e680 was created","level":"info"}
{"message":"Card with id f49e1e71-5010-4c08-ad46-4849f773d573 was created","level":"info"}
{"message":"TItle is required","level":"error"}
{"message":"Card with id  not found","level":"error"}
{"message":"Bookmark with id 1 not found","level":"error"}
{"message":"TItle is required","level":"error"}
{"message":"Card with id de04cc8b-b987-47fd-b16d-b9bc5c3270fe was created","level":"info"}
{"message":"Card with id 0207c8a8-6fc1-46ce-ab43-b6a22f0f7db9 was created","level":"info"}
{"message":"Card with id fa90cc32-2296-41db-bd0b-8bbd849765a2 was created","level":"info"}
{"message":"Card with id 702cb239-64ad-4205-84f9-da20f181f35f was created","level":"info"}
{"message":"TItle is required","level":"error"}
{"message":"Card with id 63efc7b6-84d1-49ba-bf14-9f268083c1fd was created","level":"info"}
{"message":"Card with id 3710224b-f67c-4598-a836-68e8bcb98c16 was created","level":"info"}
